<?xml version="1.0" encoding="UTF-8"?>
<!-- Generated by org.testng.reporters.JUnitReportReporter -->
<testsuite hostname="DESKTOP-0I8AHN0" failures="0" tests="3" name="com.juaracoding.pageobject.TestCheckOut" time="51.164" errors="0" timestamp="2022-08-31T23:33:20 WIB" skipped="0">
  <testcase classname="com.juaracoding.pageobject.TestCheckOut" name="testLogin" time="2.822"/>
  <system-out/>
  <testcase classname="com.juaracoding.pageobject.TestCheckOut" name="testWishlist" time="7.350"/>
  <system-out/>
  <testcase classname="com.juaracoding.pageobject.TestCheckOut" name="testWishlist1" time="40.992"/>
  <system-out/>
</testsuite> <!-- com.juaracoding.pageobject.TestCheckOut -->
