<?xml version="1.0" encoding="UTF-8"?>
<!-- Generated by org.testng.reporters.JUnitReportReporter -->
<testsuite hostname="DESKTOP-0I8AHN0" failures="0" tests="4" name="com.juaracoding.pageobject.TestRunnerOne" time="78.665" errors="0" timestamp="2022-09-02T14:00:07 WIB" skipped="0">
  <testcase classname="com.juaracoding.pageobject.TestRunnerOne" name="runScenario" time="54.536"/>
  <system-out/>
  <testcase classname="com.juaracoding.pageobject.TestRunnerOne" name="runScenario" time="11.265"/>
  <system-out/>
  <testcase classname="com.juaracoding.pageobject.TestRunnerOne" name="runScenario" time="4.347"/>
  <system-out/>
  <testcase classname="com.juaracoding.pageobject.TestRunnerOne" name="runScenario" time="8.517"/>
  <system-out/>
</testsuite> <!-- com.juaracoding.pageobject.TestRunnerOne -->
