<?xml version="1.0" encoding="UTF-8"?>
<!-- Generated by org.testng.reporters.JUnitReportReporter -->
<testsuite hostname="DESKTOP-0I8AHN0" failures="0" tests="1" name="com.juaracoding.pageobject.hooks.TestHooksRunner" time="0.116" errors="0" timestamp="2022-09-02T16:29:10 WIB" skipped="0">
  <testcase classname="com.juaracoding.pageobject.hooks.TestHooksRunner" name="runScenario" time="0.116"/>
  <system-out/>
</testsuite> <!-- com.juaracoding.pageobject.hooks.TestHooksRunner -->
